Command line:
   sistema_clave_isim_beh.exe
     -simmode  gui
     -simrunnum  1
     -socket  36359

Tue Jan 26 17:03:32 2021


 Elaboration Time: 0.03 sec

 Current Memory Usage: 189.829 Meg

 Total Signals          : 1745
 Total Nets             : 1856
 Total Signal Drivers   : 452
 Total Blocks           : 433
 Total Primitive Blocks : 320
 Total Processes        : 441
 Total Traceable Variables  : 753
 Total Scalar Nets and Variables : 63162
Total Line Count : 1555

 Total Simulation Time: 0.04 sec

 Current Memory Usage: 265.331 Meg

Tue Jan 26 17:03:41 2021

