Command line:
   ing_inv_cableada_tb_isim_beh.exe
     -simmode  gui
     -simrunnum  1
     -socket  47329

Wed Jan 27 02:10:22 2021


 Elaboration Time: 0.01 sec

 Current Memory Usage: 183.697 Meg

 Total Signals          : 26
 Total Nets             : 72
 Total Signal Drivers   : 16
 Total Blocks           : 5
 Total Primitive Blocks : 4
 Total Processes        : 6
 Total Traceable Variables  : 12
 Total Scalar Nets and Variables : 531
In process ing_inv_cableada.vhd:70 
 Target Size 10 and source size 12 for array dimension 0 does not match. 


 Total Simulation Time: 0.02 sec

 Current Memory Usage: 259.199 Meg

Wed Jan 27 02:10:29 2021

